static/files/aar_0_9_347/mapping/release/seeds.txt
com.yasee.yasee.core.configs.LogConfig: boolean openReceive
com.yasee.yasee.R$styleable: int kysdk_AbstractBarcodeScannerView_borderAlpha
com.yasee.yasee.core.models.ParmsModel: int timeFormat
com.yasee.yasee.core.models.NotifyResp$BleLink: com.yasee.yasee.core.enums.DeviceProcess process
com.yasee.yasee.core.enums.NotifyType: com.yasee.yasee.core.enums.NotifyType bindDevices
com.yasee.yasee.R$color: int kysdk_white
com.yasee.yasee.core.models.NotifyResp: java.lang.String message
com.yasee.yasee.core.configs.LogConfig: boolean open
com.yasee.yasee.core.models.ErrorObj: com.yasee.yasee.core.models.ErrorObj noFound
com.yasee.yasee.core.models.ParmsModel: java.lang.Integer sleepHour
com.yasee.yasee.core.enums.CmdType: com.yasee.yasee.core.enums.CmdType wakeup
com.yasee.yasee.R$string: int kysdk_str_scan_hint_no
com.yasee.yasee.R$id: int kysdk_tv_toolbar_right
com.yasee.yasee.core.enums.BleState: com.yasee.yasee.core.enums.BleState on
com.yasee.yasee.core.models.BleService$BleCharacteristicPt: com.yasee.yasee.core.models.BleService$BleCharacteristicPt indicate
com.yasee.yasee.R$drawable: int kysdk_dialog_waiting
com.yasee.yasee.R$string: int kysdk_str_change_distance
com.yasee.yasee.R$style: int kysdk_Notitle
com.yasee.yasee.core.models.Cmd: java.lang.String desc
com.yasee.yasee.R$layout: int kysdk_include_toolbar
com.yasee.yasee.core.enums.LocalCheckEnum: com.yasee.yasee.core.enums.LocalCheckEnum BsCheck
com.yasee.yasee.core.enums.LocalCheckEnum: com.yasee.yasee.core.enums.LocalCheckEnum Pd
com.yasee.yasee.core.models.Cmd: com.yasee.yasee.core.interfaces.CmdInterface customAction
com.yasee.yasee.R$string: int kysdk_str_error_code_product_not_online
com.yasee.yasee.R$string: int kysdk_str_error_code_system_busy
com.yasee.yasee.core.models.ParmsModel: java.lang.Integer historyUser
com.yasee.yasee.R$string: int kysdk_str_take_picture_toast
com.yasee.yasee.core.enums.CmdType: com.yasee.yasee.core.enums.CmdType pullOut
com.yasee.yasee.R$id: int kysdk_tv_two
com.yasee.yasee.R$attr: int camera_id
com.yasee.yasee.R$string: int kysdk_str_help_test_detail
com.yasee.yasee.core.models.YWifi: java.lang.String password
com.yasee.yasee.core.enums.CmdType: com.yasee.yasee.core.enums.CmdType serial_join
com.yasee.yasee.R$color: int kysdk_blue11
com.yasee.yasee.R$id: int kysdk_title_layout
com.yasee.yasee.core.models.BleService$BleCharacteristic: boolean isCmd
com.yasee.yasee.R$layout: int kysdk_dialog_toast
com.yasee.yasee.core.configs.User: java.lang.Integer age
com.yasee.yasee.core.enums.CmdType: com.yasee.yasee.core.enums.CmdType error
com.yasee.yasee.core.enums.LocalCheckEnum: com.yasee.yasee.core.enums.LocalCheckEnum IyCheck
com.yasee.yasee.core.models.NotifyResp$BleHistoryData: com.yasee.yasee.core.abstracts.Device device
com.yasee.yasee.core.enums.CmdType: com.yasee.yasee.core.enums.CmdType standard
com.yasee.yasee.core.models.ParmsModel: int distanceUnit
com.yasee.yasee.core.models.NotifyResp: com.yasee.yasee.core.enums.NotifyType notifyType
com.yasee.yasee.R$integer: int kysdk_viewfinder_border_length
com.yasee.yasee.core.models.YWifi: java.lang.String ssid
com.yasee.yasee.R$string: int kysdk_str_error_code_urine_color_too_heavy
com.yasee.yasee.R$color: int kysdk_blue13
com.yasee.yasee.R$layout: int kysdk_fragment_take_pictrue
com.yasee.yasee.core.models.NotifyResp$BleNotifyData: byte[] raw
com.yasee.yasee.core.models.NotifyResp: boolean success
com.yasee.yasee.core.models.ParmsModel: boolean sportRealOpen
com.yasee.yasee.R$drawable: int kysdk_selectore_btn_text_color
com.yasee.yasee.Yasee: com.yasee.yasee.core.configs.SerialConfig serialConfig
com.yasee.yasee.R$color: int kysdk_red
com.yasee.yasee.R$id: int back
com.yasee.yasee.protocols.serial.SerialDevice: java.lang.String model
com.yasee.yasee.core.models.ErrorObj: com.yasee.yasee.core.models.ErrorObj dataFail
com.yasee.yasee.core.enums.DeviceProcess: com.yasee.yasee.core.enums.DeviceProcess rwIsOk