static/files/aar_0_9_347/mapping/release/mapping.txt
# compiler: R8
# compiler_version: 8.7.14
# common_typos_disable
# {"id":"com.android.tools.r8.mapping","version":"2.2"}
# pg_map_id: cad3091
# pg_map_hash: SHA-256 cad3091bf95eb8e6dd9cb7986455c4b6290a30e24794d15469ae2a4897774e42
...
com.yasee.yasee.platforms.tmd.DecodeTmd$2 -> com.yasee.yasee.platforms.tmd.DecodeTmd$2:
# {"id":"sourceFile","fileName":"DecodeTmd.java"}
    1:2:void <init>(com.yasee.yasee.platforms.tmd.DecodeTmd):172:173 -> <init>
    3:3:byte[] com.yasee.yasee.platforms.tmd.DecodeTmd.access$100(com.yasee.yasee.platforms.tmd.DecodeTmd):35:35 -> <init>
    3:3:void <init>(com.yasee.yasee.platforms.tmd.DecodeTmd):173 -> <init>
    4:5:void <init>(com.yasee.yasee.platforms.tmd.DecodeTmd):173:174 -> <init>
    6:6:byte[] com.yasee.yasee.platforms.tmd.DecodeTmd.access$300(com.yasee.yasee.platforms.tmd.DecodeTmd):35:35 -> <init>
    6:6:void <init>(com.yasee.yasee.platforms.tmd.DecodeTmd):174 -> <init>
    7:8:void <init>(com.yasee.yasee.platforms.tmd.DecodeTmd):174:175 -> <init>
    9:9:byte[] com.yasee.yasee.platforms.tmd.DecodeTmd.access$400(com.yasee.yasee.platforms.tmd.DecodeTmd):35:35 -> <init>
    9:9:void <init>(com.yasee.yasee.platforms.tmd.DecodeTmd):175 -> <init>
    10:11:void <init>(com.yasee.yasee.platforms.tmd.DecodeTmd):175:176 -> <init>
    12:12:byte[] com.yasee.yasee.platforms.tmd.DecodeTmd.access$500(com.yasee.yasee.platforms.tmd.DecodeTmd):35:35 -> <init>
    12:12:void <init>(com.yasee.yasee.platforms.tmd.DecodeTmd):176 -> <init>
    13:13:void <init>(com.yasee.yasee.platforms.tmd.DecodeTmd):176:176 -> <init>
com.yasee.yasee.platforms.tmd.DecodeTmd$3 -> com.yasee.yasee.platforms.tmd.DecodeTmd$3:
# {"id":"sourceFile","fileName":"DecodeTmd.java"}
    int[] $SwitchMap$com$yasee$yasee$core$enums$LocalCheckEnum -> alpha
    1:1:void <clinit>():151:151 -> <clinit>
com.yasee.yasee.platforms.tmd.DecoderRegistry -> com.yasee.yasee.platforms.tmd.DecoderRegistry:
# {"id":"sourceFile","fileName":"DecoderRegistry.java"}
    1:7:void <clinit>():12:18 -> <clinit>
    1:1:void <init>():35:35 -> <init>
com.yasee.yasee.platforms.tmd.ErrorTmd -> com.yasee.yasee.platforms.tmd.ErrorTmd:
# {"id":"sourceFile","fileName":"InfoTmd.java"}
    java.util.HashMap _ch -> alpha
    java.util.HashMap _tp -> amount
    java.util.HashMap _tone -> balance
    java.util.HashMap _bf -> cache
    java.util.HashMap _ub -> counter
    java.util.HashMap _bp -> data
    java.util.HashMap _cgm -> delta
    java.util.HashMap _gh -> engine
    1:157:void <clinit>():50:206 -> <clinit>
    1:1:void <init>():12:12 -> <init>
    1:21:java.util.HashMap getError(com.yasee.yasee.core.enums.LocalCheckEnum,java.lang.Integer):22:42 -> alpha
    22:22:java.util.HashMap getError(com.yasee.yasee.core.enums.LocalCheckEnum,java.lang.Integer):40:40 -> alpha
    23:23:java.util.HashMap getError(com.yasee.yasee.core.enums.LocalCheckEnum,java.lang.Integer):38:38 -> alpha
    24:24:java.util.HashMap getError(com.yasee.yasee.core.enums.LocalCheckEnum,java.lang.Integer):36:36 -> alpha
    25:25:java.util.HashMap getError(com.yasee.yasee.core.enums.LocalCheckEnum,java.lang.Integer):34:34 -> alpha
    26:26:java.util.HashMap getError(com.yasee.yasee.core.enums.LocalCheckEnum,java.lang.Integer):32:32 -> alpha
    27:27:java.util.HashMap getError(com.yasee.yasee.core.enums.LocalCheckEnum,java.lang.Integer):30:30 -> alpha
    28:28:java.util.HashMap getError(com.yasee.yasee.core.enums.LocalCheckEnum,java.lang.Integer):27:27 -> alpha
com.yasee.yasee.platforms.tmd.ErrorTmd$1 -> com.yasee.yasee.platforms.tmd.ErrorTmd$1:
# {"id":"sourceFile","fileName":"InfoTmd.java"}
    1:12:void <init>():50:61 -> <init>
com.yasee.yasee.platforms.tmd.ErrorTmd$2 -> com.yasee.yasee.platforms.tmd.ErrorTmd$2:
# {"id":"sourceFile","fileName":"InfoTmd.java"}
    1:24:void <init>():68:91 -> <init>
com.yasee.yasee.platforms.tmd.ErrorTmd$3 -> com.yasee.yasee.platforms.tmd.ErrorTmd$3:
# {"id":"sourceFile","fileName":"InfoTmd.java"}
    1:21:void <init>():99:119 -> <init>
com.yasee.yasee.platforms.tmd.ErrorTmd$4 -> com.yasee.yasee.platforms.tmd.ErrorTmd$4:
# {"id":"sourceFile","fileName":"InfoTmd.java"}
    1:22:void <init>():127:148 -> <init>