static/files/aar_0_9_347/mapping/release/usage.txt
com.yasee.yasee.core.interfaces.StateState:
    public abstract void onTick(com.yasee.yasee.core.abstracts.StateData)
com.yasee.yasee.core.states.AbstractCollectState
com.yasee.yasee.core.states.SafeStopState:
    public void onTick(com.yasee.yasee.core.abstracts.StateData)
com.yasee.yasee.core.states.StateIdle:
    public void onTick(com.yasee.yasee.core.abstracts.StateData)
com.yasee.yasee.core.tools.AsyncManager$Holder:
    private void <init>()
com.yasee.yasee.core.tools.AsyncManager:
    private synthetic void lambda$postWithCallback$0(java.lang.Runnable,java.lang.Runnable)
    public void postToMainThread(java.lang.Runnable)
    public void postWithCallback(java.lang.Runnable,java.lang.Runnable)
    public synchronized void release()
    public void removeAll()
com.yasee.yasee.core.tools.BleIoQueue:
    private static final java.lang.String TAG
    public void bumpConnectionGen()
    private synthetic void lambda$bumpConnectionGen$3()
    private synthetic void lambda$onComplete$2(com.yasee.yasee.core.tools.BleIoQueue$BleIoTask)
    public void onComplete(com.yasee.yasee.core.tools.BleIoQueue$BleIoTask)
com.yasee.yasee.core.tools.ByteFileWriter:
    public void close()
    public void flush()
    public java.io.File getFile()
    public boolean isClosed()
com.yasee.yasee.core.tools.Crc16Tool:
    public static void main(java.lang.String[])
com.yasee.yasee.core.tools.EventCounter:
    public void <init>()
    public int getCount()
    public int getThreshold()
    public boolean isTriggered()
    public void reset()
com.yasee.yasee.core.tools.ExponentialBackoff:
    public long nextDelaySeconds()
    public long peek()
com.yasee.yasee.core.tools.FastZipUtil:
    private static final int BUFFER_SIZE
    private void <init>()
com.yasee.yasee.core.tools.FileTool:
    public void <init>()
    public static void clear()
    private static void deleteDir(java.io.File)
com.yasee.yasee.core.tools.GenericsTool:
    public void <init>()
com.yasee.yasee.core.tools.Logs:
    private static final java.lang.String LOG_DIR
    private static final java.lang.String LOG_FILE_EXTENSION
    private static final java.lang.String LOG_FILE_PREFIX
    public static com.yasee.yasee.core.tools.Logs getSingle()
    public void log(java.lang.String)
com.yasee.yasee.core.tools.PermissionTool:
    public void <init>()
    public static boolean check(java.lang.String)
com.yasee.yasee.core.tools.QueuesTool$Callback
com.yasee.yasee.core.tools.QueuesTool$Task
com.yasee.yasee.core.tools.QueuesTool
com.yasee.yasee.core.tools.StringTool:
    public void <init>()
    public static char randomChar()
    public static java.lang.String randomString(int)
    public static java.util.List splitByLength(java.lang.String,int)
com.yasee.yasee.core.tools.VerifyTool
com.yasee.yasee.platforms.inyoung.CheckSignInYoung:
    public boolean check(byte[])
com.yasee.yasee.platforms.inyoung.DetectResultAssemblerFast:
    public void onNextSegment(byte[])
com.yasee.yasee.platforms.ky.PlatformKyEnum:
    public java.lang.String getKyCode()
    public static java.lang.String getKyCodeBytmd(java.lang.String)
    public java.lang.String getTmdCode()
    public static java.lang.String getTmdCodeByky(java.lang.String)
com.yasee.yasee.platforms.ky.PlatformKyModelItem:
    java.lang.Boolean abnormal
    java.lang.String projectName
    java.lang.String projectRealValue
    java.lang.String projectShortName
    java.lang.String projectSymbol
    java.lang.String projectSymbolName
    java.lang.String projectUnit
    java.lang.String projectValue
    java.lang.String refer
com.yasee.yasee.platforms.ky.PlatformKyModelRoot:
    java.lang.String certificate
    java.util.List items
    java.lang.String productCode
    java.lang.String productName
    java.lang.String reagentId
    long resultId
    java.lang.String testTime
com.yasee.yasee.platforms.ld.DecodeLd:
    public void setraws(byte[])